<?xml version="1.0" encoding="UTF-8"?>
<testsuite xmlns:xsi="http://www.w3.org/2001/XMLSchema-instance" xsi:noNamespaceSchemaLocation="https://maven.apache.org/surefire/maven-surefire-plugin/xsd/surefire-test-report-3.0.xsd" version="3.0" name="com.salesway.leads.service.LeadDetailsServiceTest" time="0.755" tests="20" errors="0" skipped="0" failures="0">
  <properties>
[...]
</properties>
  <testcase name="updateInsightFeedback_persistsManagerFeedback" classname="com.salesway.leads.service.LeadDetailsServiceTest" time="0.322"/>
  <testcase name="updateAnswers_thenRegenerateAiInsights_usesPersistedAnswers" classname="com.salesway.leads.service.LeadDetailsServiceTest" time="0.103"/>
  <testcase name="aiInsights_regeneratesWhenNewNoteExistsAfterSnapshotEvenIfLeadActivityIsStale" classname="com.salesway.leads.service.LeadDetailsServiceTest" time="0.035">
    <system-out><![CDATA[10:12:45.952 [main] INFO com.salesway.leads.service.LeadDetailsService -- AI insights fetch leadId=ab636116-0cbd-4ab4-8636-88d968681986 regenerationStatus=null snapshotTimestamp=2026-03-12T10:00:00Z
]]></system-out>
  </testcase>
  <testcase name="aiInsights_lowConfidenceUsesFallbackGuidance" classname="com.salesway.leads.service.LeadDetailsServiceTest" time="0.022">
    <system-out><![CDATA[10:12:45.989 [main] INFO com.salesway.leads.service.LeadDetailsService -- AI insights fetch leadId=660688a8-5196-4ea4-b652-b63ed24a24a9 regenerationStatus=null snapshotTimestamp=null
10:12:45.991 [main] WARN com.salesway.leads.service.LeadDetailsService -- Relationship signal fallback triggered: sentiment unavailable
]]></system-out>
  </testcase>
  <testcase name="updateAnswers_validatesNumberBooleanAndMultiSelect" classname="com.salesway.leads.service.LeadDetailsServiceTest" time="0.012"/>
  <testcase name="addCall_createsCallLogAndTimelineEvent" classname="com.salesway.leads.service.LeadDetailsServiceTest" time="0.009"/>
  <testcase name="aiInsights_usesExtractedConversationStateToAvoidGenericSuggestions" classname="com.salesway.leads.service.LeadDetailsServiceTest" time="0.037">
    <system-out><![CDATA[10:12:46.031 [main] INFO com.salesway.leads.service.LeadDetailsService -- AI insights fetch leadId=1d64f0d2-0d38-4a65-8020-c1586e9026ae regenerationStatus=null snapshotTimestamp=null
]]></system-out>
  </testcase>
  <testcase name="getLeadForm_returnsLeadSpecificQuestions" classname="com.salesway.leads.service.LeadDetailsServiceTest" time="0.005"/>
  <testcase name="aiInsights_staleProcessingStatusExpiresToFailed" classname="com.salesway.leads.service.LeadDetailsServiceTest" time="0.007">
    <system-out><![CDATA[10:12:46.074 [main] WARN com.salesway.leads.service.LeadDetailsService -- AI insights status expired leadId=ec4a735b-f82e-49bd-aa94-5c9542340000 previousStatus=PROCESSING updatedAt=2026-04-09T08:10:46.074588Z timeoutMs=60000
10:12:46.075 [main] INFO com.salesway.leads.service.LeadDetailsService -- AI insights fetch leadId=ec4a735b-f82e-49bd-aa94-5c9542340000 regenerationStatus=FAILED snapshotTimestamp=null
]]></system-out>
  </testcase>
  <testcase name="aiInsights_cacheHitSkipsRegeneration" classname="com.salesway.leads.service.LeadDetailsServiceTest" time="0.042">
    <system-out><![CDATA[10:12:46.083 [main] INFO com.salesway.leads.service.LeadDetailsService -- AI insights fetch leadId=8962070f-0c11-4a79-b7b4-1e45cbe2b282 regenerationStatus=null snapshotTimestamp=null
10:12:46.094 [main] INFO com.salesway.leads.service.LeadDetailsService -- AI insights fetch leadId=8962070f-0c11-4a79-b7b4-1e45cbe2b282 regenerationStatus=null snapshotTimestamp=2026-04-09T08:12:46.093572Z
]]></system-out>
  </testcase>
  <testcase name="aiInsights_scoreBoundedAndStablePayload" classname="com.salesway.leads.service.LeadDetailsServiceTest" time="0.029">
    <system-out><![CDATA[10:12:46.126 [main] INFO com.salesway.leads.service.LeadDetailsService -- AI insights fetch leadId=441be956-3689-4a70-b4fe-ca1af17d4671 regenerationStatus=null snapshotTimestamp=null
10:12:46.129 [main] WARN com.salesway.leads.service.LeadDetailsService -- Relationship signal fallback triggered: empty model response
10:12:46.130 [main] WARN com.salesway.leads.service.LeadDetailsService -- Conversation state extraction fallback triggered: empty model response
10:12:46.130 [main] WARN com.salesway.leads.service.LeadDetailsService -- AI insights fallback triggered for leadId=441be956-3689-4a70-b4fe-ca1af17d4671 reason=empty model response
]]></system-out>
  </testcase>
  <testcase name="aiInsights_doesNotRepeatCompletedRecommendation" classname="com.salesway.leads.service.LeadDetailsServiceTest" time="0.025">
    <system-out><![CDATA[10:12:46.158 [main] INFO com.salesway.leads.service.LeadDetailsService -- AI insights fetch leadId=8f4bae71-81f5-4b26-9ab8-2966ca3624b3 regenerationStatus=null snapshotTimestamp=null
]]></system-out>
  </testcase>
  <testcase name="regenerateAiInsights_createsNewInsightWhenAnswersChanged" classname="com.salesway.leads.service.LeadDetailsServiceTest" time="0.014">
    <system-out><![CDATA[10:12:46.180 [main] WARN com.salesway.leads.service.LeadDetailsService -- Relationship signal fallback triggered: empty model response
10:12:46.181 [main] WARN com.salesway.leads.service.LeadDetailsService -- Conversation state extraction fallback triggered: empty model response
10:12:46.182 [main] WARN com.salesway.leads.service.LeadDetailsService -- AI insights fallback triggered for leadId=12d311ae-4ded-4de5-bcf1-eca96d87668b reason=empty model response
]]></system-out>
  </testcase>
  <testcase name="getActivities_leadNotFound_returns404" classname="com.salesway.leads.service.LeadDetailsServiceTest" time="0.006"/>
  <testcase name="aiInsights_includesFormAnswersInAiPrompt" classname="com.salesway.leads.service.LeadDetailsServiceTest" time="0.017">
    <system-out><![CDATA[10:12:46.201 [main] INFO com.salesway.leads.service.LeadDetailsService -- AI insights fetch leadId=833b9028-6ac0-4eff-b4a7-1c5c3f042032 regenerationStatus=null snapshotTimestamp=null
]]></system-out>
  </testcase>
  <testcase name="addTask_assigneeOutsideCompany_rejected" classname="com.salesway.leads.service.LeadDetailsServiceTest" time="0.006"/>
  <testcase name="getAnswers_sortedByDisplayOrderSnapshot" classname="com.salesway.leads.service.LeadDetailsServiceTest" time="0.004"/>
  <testcase name="updateAnswers_allowsSubsetAndPreservesHistoricalOrphans" classname="com.salesway.leads.service.LeadDetailsServiceTest" time="0.005"/>
  <testcase name="aiInsights_usesVectorMatchWhenNotesAreAbbreviated" classname="com.salesway.leads.service.LeadDetailsServiceTest" time="0.02">
    <system-out><![CDATA[10:12:46.236 [main] INFO com.salesway.leads.service.LeadDetailsService -- AI insights fetch leadId=87f66371-a79b-476f-9ac4-c5f13e58a513 regenerationStatus=null snapshotTimestamp=null
]]></system-out>
  </testcase>
  <testcase name="aiInsights_includesRecentInsightMemoryInPrompt" classname="com.salesway.leads.service.LeadDetailsServiceTest" time="0.017">
    <system-out><![CDATA[10:12:46.261 [main] INFO com.salesway.leads.service.LeadDetailsService -- AI insights fetch leadId=6b136015-745b-4c15-b6f9-a7504a4d44ff regenerationStatus=null snapshotTimestamp=null
]]></system-out>
  </testcase>
</testsuite>